app/proguard/seeds.txt
com.dacer.simplepomodoro.BreakActivity
com.dacer.simplepomodoro.BreakActivity: BreakActivity()
com.dacer.simplepomodoro.BreakFinishActivity
com.dacer.simplepomodoro.BreakFinishActivity: BreakFinishActivity()
com.dacer.simplepomodoro.FinishScreenActivity
com.dacer.simplepomodoro.FinishScreenActivity: FinishScreenActivity()
com.dacer.simplepomodoro.MainActivity
com.dacer.simplepomodoro.MainActivity: MainActivity()
com.dacer.simplepomodoro.PlaneFighterActivity
com.dacer.simplepomodoro.PlaneFighterActivity: PlaneFighterActivity()
com.dacer.simplepomodoro.PomoRunningActivity
com.dacer.simplepomodoro.PomoRunningActivity: PomoRunningActivity()
com.dacer.simplepomodoro.R$array
com.dacer.simplepomodoro.R$array: int pref_break_duration_list
com.dacer.simplepomodoro.R$array: int pref_break_duration_values
com.dacer.simplepomodoro.R$array: int pref_first_day_list
com.dacer.simplepomodoro.R$array: int pref_first_day_values
com.dacer.simplepomodoro.R$array: int pref_pomodoro_duration_list
com.dacer.simplepomodoro.R$array: int pref_pomodoro_duration_values
com.dacer.simplepomodoro.R$array: int pref_theme_list
com.dacer.simplepomodoro.R$array: int pref_theme_list_values
com.dacer.simplepomodoro.R$attr
com.dacer.simplepomodoro.R$attr: int centered
com.dacer.simplepomodoro.R$attr: int clipPadding
com.dacer.simplepomodoro.R$attr: int fadeDelay
com.dacer.simplepomodoro.R$attr: int fadeLength
com.dacer.simplepomodoro.R$attr: int fades
com.dacer.simplepomodoro.R$attr: int fillColor
com.dacer.simplepomodoro.R$attr: int footerColor
com.dacer.simplepomodoro.R$attr: int footerIndicatorHeight
com.dacer.simplepomodoro.R$attr: int footerIndicatorStyle
com.dacer.simplepomodoro.R$attr: int footerIndicatorUnderlinePadding
com.dacer.simplepomodoro.R$attr: int footerLineHeight
com.dacer.simplepomodoro.R$attr: int footerPadding
com.dacer.simplepomodoro.R$attr: int gapWidth
com.dacer.simplepomodoro.R$attr: int linePosition
com.dacer.simplepomodoro.R$attr: int lineWidth
com.dacer.simplepomodoro.R$attr: int pageColor
com.dacer.simplepomodoro.R$attr: int radius
com.dacer.simplepomodoro.R$attr: int selectedBold
com.dacer.simplepomodoro.R$attr: int selectedColor
com.dacer.simplepomodoro.R$attr: int snap
com.dacer.simplepomodoro.R$attr: int strokeColor
com.dacer.simplepomodoro.R$attr: int strokeWidth
com.dacer.simplepomodoro.R$attr: int titlePadding
com.dacer.simplepomodoro.R$attr: int topPadding
com.dacer.simplepomodoro.R$attr: int unselectedColor
com.dacer.simplepomodoro.R$attr: int vpiCirclePageIndicatorStyle
com.dacer.simplepomodoro.R$attr: int vpiIconPageIndicatorStyle
com.dacer.simplepomodoro.R$attr: int vpiLinePageIndicatorStyle
com.dacer.simplepomodoro.R$bool
com.dacer.simplepomodoro.R$bool: int default_circle_indicator_centered
com.dacer.simplepomodoro.R$bool: int default_circle_indicator_snap
com.dacer.simplepomodoro.R$bool: int default_line_indicator_centered
com.dacer.simplepomodoro.R$bool: int default_title_indicator_selected_bold
com.dacer.simplepomodoro.R$bool: int default_underline_indicator_fades
...
android.support.v4.app.Fragment$SavedState$1
android.support.v4.app.Fragment$SavedState$1: Fragment$SavedState$1()
android.support.v4.app.Fragment$SavedState$1: android.support.v4.app.Fragment$SavedState createFromParcel(android.os.Parcel)
android.support.v4.app.Fragment$SavedState$1: android.support.v4.app.Fragment$SavedState[] newArray(int)
android.support.v4.app.Fragment$SavedState$1: java.lang.Object[] newArray(int)
android.support.v4.app.Fragment$SavedState$1: java.lang.Object createFromParcel(android.os.Parcel)
android.support.v4.app.FragmentActivity
android.support.v4.app.FragmentActivity: java.lang.String TAG
android.support.v4.app.FragmentActivity: java.lang.String FRAGMENTS_TAG
android.support.v4.app.FragmentActivity: int HONEYCOMB
android.support.v4.app.FragmentActivity: int MSG_REALLY_STOPPED
android.support.v4.app.FragmentActivity: int MSG_RESUME_PENDING
android.support.v4.app.FragmentActivity: android.os.Handler mHandler
android.support.v4.app.FragmentActivity: android.support.v4.app.FragmentManagerImpl mFragments
android.support.v4.app.FragmentActivity: android.support.v4.app.FragmentContainer mContainer
android.support.v4.app.FragmentActivity: boolean mCreated
android.support.v4.app.FragmentActivity: boolean mResumed
android.support.v4.app.FragmentActivity: boolean mStopped
android.support.v4.app.FragmentActivity: boolean mReallyStopped
android.support.v4.app.FragmentActivity: boolean mRetaining
android.support.v4.app.FragmentActivity: boolean mOptionsMenuInvalidated
android.support.v4.app.FragmentActivity: boolean mCheckedForLoaderManager
android.support.v4.app.FragmentActivity: boolean mLoadersStarted
android.support.v4.app.FragmentActivity: java.util.HashMap mAllLoaderManagers
android.support.v4.app.FragmentActivity: android.support.v4.app.LoaderManagerImpl mLoaderManager
android.support.v4.app.FragmentActivity: FragmentActivity()
android.support.v4.app.FragmentActivity: void onActivityResult(int,int,android.content.Intent)
android.support.v4.app.FragmentActivity$1
android.support.v4.app.FragmentActivity$1: android.support.v4.app.FragmentActivity this$0
android.support.v4.app.FragmentActivity$1: FragmentActivity$1(android.support.v4.app.FragmentActivity)
android.support.v4.app.FragmentActivity$1: void handleMessage(android.os.Message)
android.support.v4.app.FragmentActivity$2
android.support.v4.app.FragmentActivity$2: android.support.v4.app.FragmentActivity this$0
android.support.v4.app.FragmentActivity$2: FragmentActivity$2(android.support.v4.app.FragmentActivity)
android.support.v4.app.FragmentActivity$2: android.view.View findViewById(int)
android.support.v4.app.FragmentActivity$FragmentTag
android.support.v4.app.FragmentActivity$FragmentTag: int[] Fragment
android.support.v4.app.FragmentActivity$FragmentTag: int Fragment_id
android.support.v4.app.FragmentActivity$FragmentTag: int Fragment_name
android.support.v4.app.FragmentActivity$FragmentTag: int Fragment_tag
android.support.v4.app.FragmentActivity$FragmentTag: FragmentActivity$FragmentTag()
android.support.v4.app.FragmentActivity$FragmentTag: void <clinit>()
android.support.v4.app.FragmentActivity$NonConfigurationInstances
android.support.v4.app.FragmentActivity$NonConfigurationInstances: java.lang.Object activity
android.support.v4.app.FragmentActivity$NonConfigurationInstances: java.lang.Object custom
android.support.v4.app.FragmentActivity$NonConfigurationInstances: java.util.HashMap children
android.support.v4.app.FragmentActivity$NonConfigurationInstances: java.util.ArrayList fragments
android.support.v4.app.FragmentActivity$NonConfigurationInstances: java.util.HashMap loaders
android.support.v4.app.FragmentActivity$NonConfigurationInstances: FragmentActivity$NonConfigurationInstances()
android.support.v4.app.FragmentContainer
android.support.v4.app.FragmentContainer: android.view.View findViewById(int)