app/proguard/mapping.txt
com.dacer.simplepomodoro.BreakActivity -> com.dacer.simplepomodoro.BreakActivity:
    android.widget.ProgressBar mProgressBar -> a
    android.widget.TextView tvTime -> b
    int breakDuration -> c
    int longBreakDuration -> d
    void onCreate(android.os.Bundle) -> onCreate
    void onPause() -> onPause
    void onResume() -> onResume
    boolean onKeyDown(int,android.view.KeyEvent) -> onKeyDown
    android.widget.TextView access$0(com.dacer.simplepomodoro.BreakActivity) -> a
    int access$1(com.dacer.simplepomodoro.BreakActivity) -> b
    android.widget.ProgressBar access$2(com.dacer.simplepomodoro.BreakActivity) -> c
com.dacer.simplepomodoro.BreakActivity$1 -> com.dacer.simplepomodoro.a:
    int min -> a
    int sec -> b
    int remainSec -> c
    java.lang.String secStr -> d
    com.dacer.simplepomodoro.BreakActivity this$0 -> e
    void onTick(long) -> onTick
    void onFinish() -> onFinish
com.dacer.simplepomodoro.BreakActivity$2 -> com.dacer.simplepomodoro.b:
    com.dacer.simplepomodoro.BreakActivity this$0 -> a
    void onClick(android.content.DialogInterface,int) -> onClick
com.dacer.simplepomodoro.BreakActivity$3 -> com.dacer.simplepomodoro.c:
    com.dacer.simplepomodoro.BreakActivity this$0 -> a
    void onClick(android.content.DialogInterface,int) -> onClick
com.dacer.simplepomodoro.BreakFinishActivity -> com.dacer.simplepomodoro.BreakFinishActivity:
    android.widget.Button btn_continue -> a
    android.widget.TextView tvTime -> b
    void onCreate(android.os.Bundle) -> onCreate
    boolean onKeyDown(int,android.view.KeyEvent) -> onKeyDown
com.dacer.simplepomodoro.BreakFinishActivity$1 -> com.dacer.simplepomodoro.d:
    com.dacer.simplepomodoro.BreakFinishActivity this$0 -> a
    void onClick(android.view.View) -> onClick
com.dacer.simplepomodoro.BreakFinishActivity$2 -> com.dacer.simplepomodoro.e:
    com.dacer.simplepomodoro.BreakFinishActivity this$0 -> a
    void onClick(android.view.View) -> onClick
com.dacer.simplepomodoro.FinishScreenActivity -> com.dacer.simplepomodoro.FinishScreenActivity:
    void onCreate(android.os.Bundle) -> onCreate
    void onClickCircle() -> a
    void onResume() -> onResume
    boolean onKeyDown(int,android.view.KeyEvent) -> onKeyDown
com.dacer.simplepomodoro.MainActivity -> com.dacer.simplepomodoro.MainActivity:
    void onCreate(android.os.Bundle) -> onCreate
    void onResume() -> onResume
    void onPause() -> onPause
    boolean onKeyDown(int,android.view.KeyEvent) -> onKeyDown
com.dacer.simplepomodoro.MainFragment -> com.dacer.simplepomodoro.f:
    java.lang.String content -> b
    dacer.views.CircleView mView -> c
    android.content.Context mContext -> a
    void onCreate(android.os.Bundle) -> onCreate
    android.view.View onCreateView(android.view.LayoutInflater,android.view.ViewGroup,android.os.Bundle) -> onCreateView
    void onClickCircle() -> a
    void onSaveInstanceState(android.os.Bundle) -> onSaveInstanceState
    dacer.views.CircleView access$0(com.dacer.simplepomodoro.MainFragment) -> a
com.dacer.simplepomodoro.MainFragment$myReadyAnimThread -> com.dacer.simplepomodoro.g:
    int alpha -> c
    int sweep -> d
    java.lang.Boolean run -> e
    int sweepStep -> a
    com.dacer.simplepomodoro.MainFragment this$0 -> b
    void run() -> run
com.dacer.simplepomodoro.PlaneFighterActivity -> com.dacer.simplepomodoro.PlaneFighterActivity:
    void onCreate(android.os.Bundle) -> onCreate
    void initGameTwo() -> a
    void onGameOver(int) -> a
    void onPause() -> onPause
    void access$0(com.dacer.simplepomodoro.PlaneFighterActivity) -> a
com.dacer.simplepomodoro.PlaneFighterActivity$1 -> com.dacer.simplepomodoro.h:
    com.dacer.simplepomodoro.PlaneFighterActivity this$0 -> a
    int val$score -> b
    void run() -> run
    com.dacer.simplepomodoro.PlaneFighterActivity access$0(com.dacer.simplepomodoro.PlaneFighterActivity$1) -> a
...
com.adsmogo.adapters.api.ad -> com.adsmogo.adapters.api.bc:
    com.adsmogo.adapters.api.EtmobAdapter a -> a
    void run() -> run
com.adsmogo.adapters.api.ae -> com.adsmogo.adapters.api.bd:
    com.adsmogo.adapters.api.EtmobAdapter a -> a
    boolean shouldOverrideUrlLoading(android.webkit.WebView,java.lang.String) -> shouldOverrideUrlLoading
    void onPageFinished(android.webkit.WebView,java.lang.String) -> onPageFinished
com.adsmogo.adapters.api.af -> com.adsmogo.adapters.api.be:
    com.adsmogo.adapters.api.FXrXaXcXtXaXlAdapter a -> a
    void run() -> run
com.adsmogo.adapters.api.ag -> com.adsmogo.adapters.api.bf:
    java.lang.String a -> a
    com.adsmogo.adapters.api.FXrXaXcXtXaXlAdapter b -> b
    void run() -> run
com.adsmogo.adapters.api.ah -> com.adsmogo.adapters.api.bg:
    com.adsmogo.model.obj.Ration a -> a
    com.adsmogo.adapters.api.FXrXaXcXtXaXlAdapter b -> b
    void run() -> run
com.adsmogo.adapters.api.ai -> com.adsmogo.adapters.api.bh:
    com.adsmogo.adapters.api.FXrXaXcXtXaXlAdapter a -> a
    boolean shouldOverrideUrlLoading(android.webkit.WebView,java.lang.String) -> shouldOverrideUrlLoading
    void onPageFinished(android.webkit.WebView,java.lang.String) -> onPageFinished
    com.adsmogo.adapters.api.FXrXaXcXtXaXlAdapter a(com.adsmogo.adapters.api.ai) -> a
com.adsmogo.adapters.api.aj -> com.adsmogo.adapters.api.bi:
    com.adsmogo.adapters.api.ai a -> a
    void onClick(android.content.DialogInterface,int) -> onClick
com.adsmogo.adapters.api.ak -> com.adsmogo.adapters.api.bj:
    void onClick(android.content.DialogInterface,int) -> onClick
com.adsmogo.adapters.api.al -> com.adsmogo.adapters.api.bk:
    java.lang.String a -> a
    com.adsmogo.adapters.api.LXmXMXoXbAPIAdapter b -> b
    void run() -> run
com.adsmogo.adapters.api.am -> com.adsmogo.adapters.api.bl:
    com.adsmogo.model.obj.Ration a -> a
    com.adsmogo.adapters.api.LXmXMXoXbAPIAdapter b -> b
    void run() -> run
com.adsmogo.adapters.api.an -> com.adsmogo.adapters.api.bm:
    com.adsmogo.adapters.api.LXmXMXoXbAPIAdapter a -> a
    boolean shouldOverrideUrlLoading(android.webkit.WebView,java.lang.String) -> shouldOverrideUrlLoading
    void onPageFinished(android.webkit.WebView,java.lang.String) -> onPageFinished
com.adsmogo.adapters.api.ao -> com.adsmogo.adapters.api.bn:
    com.adsmogo.adapters.api.PublicCustomAdapter a -> a
    void handleMessage(android.os.Message) -> handleMessage
com.adsmogo.adapters.api.ap -> com.adsmogo.adapters.api.bo:
    com.adsmogo.adapters.api.PublicCustomAdapter a -> a
    void onAnimationStart(android.view.animation.Animation) -> onAnimationStart
    void onAnimationRepeat(android.view.animation.Animation) -> onAnimationRepeat
    void onAnimationEnd(android.view.animation.Animation) -> onAnimationEnd
com.adsmogo.adapters.api.aq -> com.adsmogo.adapters.api.bp:
    com.adsmogo.adapters.api.PublicCustomAdapter a -> a
    int b -> b
    int c -> c
    void run() -> run
com.adsmogo.adapters.api.ar -> com.adsmogo.adapters.api.bq:
    com.adsmogo.adapters.api.PublicCustomAdapter a -> a
    void onClick(android.content.DialogInterface,int) -> onClick
com.adsmogo.adapters.api.as -> com.adsmogo.adapters.api.br:
    void onClick(android.content.DialogInterface,int) -> onClick
com.adsmogo.adapters.api.at -> com.adsmogo.adapters.api.bs:
    com.adsmogo.adapters.api.PublicCustomAdapter a -> a
    void run() -> run
com.adsmogo.adapters.api.au -> com.adsmogo.adapters.api.bt:
    com.adsmogo.adapters.api.PublicCustomAdapter a -> a
    boolean onError(android.media.MediaPlayer,int,int) -> onError
com.adsmogo.adapters.api.av -> com.adsmogo.adapters.api.bu:
    com.adsmogo.adapters.api.PublicCustomAdapter a -> a
    void onPrepared(android.media.MediaPlayer) -> onPrepared
com.adsmogo.adapters.api.aw -> com.adsmogo.adapters.api.bv:
    com.adsmogo.adapters.api.PublicCustomAdapter a -> a
    void onCompletion(android.media.MediaPlayer) -> onCompletion