app/proguard/usage.txt
com.dacer.simplepomodoro.BreakActivity:
    android.widget.TextView longBreakTV
com.dacer.simplepomodoro.BuildConfig
com.dacer.simplepomodoro.MainFragment:
    private static final java.lang.String KEY_CONTENT
com.dacer.simplepomodoro.R:
    10:10:public R()
com.dacer.simplepomodoro.RecordFragment:
    private static final java.lang.String KEY_CONTENT
...
cn.domob.android.ads.a.a:
    private static final java.lang.String e
    private static final java.lang.String f
    private static final java.lang.String g
    private static final java.lang.String h
    private static final java.lang.String i
cn.domob.android.ads.a.b:
    private static final java.lang.String a
    private static final java.lang.String b
    private static final java.lang.String c
    private static final java.lang.String d
    private static final java.lang.String e
    private static final java.lang.String f
    private static final java.lang.String g
    private static final int h
    private static final int i
    private static final java.lang.String j
    private static final int k
    private static final int l
    private static final int m
    private static final int p
    private static final int q
    private static final java.lang.String s
cn.domob.android.ads.a.c:
    private static final java.lang.String n
    private static final java.lang.String o
    private static final java.lang.String p
    private static final java.lang.String q
    private static final java.lang.String r
    private static final java.lang.String s
    private static final java.lang.String t
    private static final java.lang.String u
    private static final java.lang.String v
    private static final java.lang.String w
    private static final java.lang.String x
    private static final java.lang.String y
    private static final java.lang.String z
    private static final java.lang.String A
    private static final java.lang.String B
    private static final java.lang.String C
    private static final java.lang.String D
    private static final java.lang.String E
    private static final java.lang.String F
    private static final java.lang.String G
    private static final java.lang.String H
    private static final java.lang.String I
    private static final java.lang.String J
    private static final java.lang.String K
    private static final java.lang.String L
    111:114:public void e()
    118:128:public void f()
cn.domob.android.ads.a.d:
    private static final java.lang.String w
    private static final java.lang.String x
    private static final java.lang.String y
    private static final java.lang.String z
    private static final java.lang.String A
    private static final java.lang.String B
    private static final java.lang.String C
    private static final java.lang.String D
    private static final java.lang.String E
    private static final java.lang.String F
    private static final java.lang.String G
    private static final java.lang.String H
    private static final java.lang.String I
    private static final java.lang.String J
    private static final java.lang.String K
    private static final java.lang.String L
    private static final java.lang.String M
    private static final java.lang.String N
    private static final int O
    private static final int P
    private static final int Q
    private static final int R
cn.domob.android.ads.a.e:
    20:24:protected java.lang.String b()
cn.domob.android.ads.b
cn.domob.android.ads.b.a:
    public static final int a
    public static final int b
    public static final int c
    public static final int d
    public static final int e
    public static final int f
    114:117:public static java.lang.String a(byte[],int)
cn.domob.android.ads.b.a$a:
    public abstract boolean a(byte[],int,int,boolean)
    public abstract int a(int)
cn.domob.android.ads.b.a$b:
    public static final int c
    237:237:public int a(int)
cn.domob.android.ads.c
cn.domob.android.ads.c.a:
    private static final java.lang.String m
    private static final java.lang.String n
    private static final java.lang.String o
    66:66:public void e()
    70:75:public void f()
cn.domob.android.ads.c.a$1$3:
    143:143:public void b()
cn.domob.android.ads.c.b:
    39:46:protected float c(java.lang.String)